<?xml version="1.0" encoding="UTF-8"?>
<!-- Generated by org.testng.reporters.JUnitXMLReporter -->
<testsuite ignored="5" hostname="NP2008" failures="0" tests="1" name="Default test" time="0.162" errors="0" timestamp="2022-09-27T19:38:14 EDT">
  <testcase classname="SFProject.utility.base.SalesforceBaseScript" name="@BeforeMethod setUp" time="-1.664321894304E9">
    <failure type="org.testng.TestNGException" message="
Method setUp requires 1 parameters but 1 were supplied in the BeforeMethod annotation.">
      <![CDATA[org.testng.TestNGException: 
Method setUp requires 1 parameters but 1 were supplied in the BeforeMethod annotation.
at org.testng.internal.Parameters.checkParameterTypes(Parameters.java:447)
at org.testng.internal.Parameters.createParametersForMethod(Parameters.java:353)
at org.testng.internal.Parameters.createParameters(Parameters.java:700)
at org.testng.internal.Parameters.createConfigurationParameters(Parameters.java:168)
at org.testng.internal.ConfigInvoker.invokeConfigurations(ConfigInvoker.java:302)
at org.testng.internal.TestInvoker.runConfigMethods(TestInvoker.java:700)
at org.testng.internal.TestInvoker.invokeMethod(TestInvoker.java:527)
at org.testng.internal.TestInvoker.invokeTestMethod(TestInvoker.java:173)
at org.testng.internal.MethodRunner.runInSequence(MethodRunner.java:46)
at org.testng.internal.TestInvoker$MethodInvocationAgent.invoke(TestInvoker.java:824)
at org.testng.internal.TestInvoker.invokeTestMethods(TestInvoker.java:146)
at org.testng.internal.TestMethodWorker.invokeTestMethods(TestMethodWorker.java:146)
at org.testng.internal.TestMethodWorker.run(TestMethodWorker.java:128)
at java.base/java.util.ArrayList.forEach(ArrayList.java:1511)
at org.testng.TestRunner.privateRun(TestRunner.java:794)
at org.testng.TestRunner.run(TestRunner.java:596)
at org.testng.SuiteRunner.runTest(SuiteRunner.java:377)
at org.testng.SuiteRunner.runSequentially(SuiteRunner.java:371)
at org.testng.SuiteRunner.privateRun(SuiteRunner.java:332)
at org.testng.SuiteRunner.run(SuiteRunner.java:276)
at org.testng.SuiteRunnerWorker.runSuite(SuiteRunnerWorker.java:53)
at org.testng.SuiteRunnerWorker.run(SuiteRunnerWorker.java:96)
at org.testng.TestNG.runSuitesSequentially(TestNG.java:1212)
at org.testng.TestNG.runSuitesLocally(TestNG.java:1134)
at org.testng.TestNG.runSuites(TestNG.java:1063)
at org.testng.TestNG.run(TestNG.java:1031)
at org.testng.remote.AbstractRemoteTestNG.run(AbstractRemoteTestNG.java:115)
at org.testng.remote.RemoteTestNG.initAndRun(RemoteTestNG.java:251)
at org.testng.remote.RemoteTestNG.main(RemoteTestNG.java:77)
]]>
    </failure>
  </testcase> <!-- @BeforeMethod setUp -->
  <testcase classname="SFProject.utility.base.SalesforceBaseScript" name="@AfterMethod tearDown" time="-1.664321894315E9">
    <skipped/>
  </testcase> <!-- @AfterMethod tearDown -->
  <testcase classname="SFProject.utility.test.CaseScript" name="T2sf" time="0.0">
    <skipped/>
  </testcase> <!-- T2sf -->
  <testcase classname="SFProject.utility.test.CaseScript" name="T3sf" time="0.0">
    <ignored/>
  </testcase> <!-- T3sf -->
  <testcase classname="SFProject.utility.test.CaseScript" name="T1sf" time="0.0">
    <ignored/>
  </testcase> <!-- T1sf -->
  <testcase classname="SFProject.utility.test.CaseScript" name="T5sf" time="0.0">
    <ignored/>
  </testcase> <!-- T5sf -->
  <testcase classname="SFProject.utility.test.CaseScript" name="T4bsf" time="0.0">
    <ignored/>
  </testcase> <!-- T4bsf -->
  <testcase classname="SFProject.utility.test.CaseScript" name="T4asf" time="0.0">
    <ignored/>
  </testcase> <!-- T4asf -->
</testsuite> <!-- Default test -->
